[Tue Apr 21 22:09:37 2009][info][Mojo::Server::Daemon:41] Server started (http://127.0.0.1:3000)
[Tue Apr 21 22:09:41 2009][info][Mojo::Server::Daemon:41] Server started (http://127.0.0.1:3000)
[Tue Apr 21 22:09:43 2009][debug][MyApp::Automata::DetectLang:35] Found language en in Accept-Language
[Tue Apr 21 22:09:43 2009][debug][MyApp::Automata::DetectLang:46] Setting en language
[Tue Apr 21 22:10:35 2009][info][Mojo::Server::Daemon:41] Server started (http://127.0.0.1:3000)
[Tue Apr 21 22:10:36 2009][debug][MyApp::Automata::DetectLang:35] Found language en in Accept-Language
[Tue Apr 21 22:10:36 2009][debug][MyApp::Automata::DetectLang:46] Setting en language
[Tue Apr 21 22:10:36 2009][debug][MojoX::Dispatcher::Routes:84] Dispatching "default" in "root(MyApp::Root)"
[Tue Apr 21 22:10:36 2009][debug][MojoX::Renderer:170] Template not found "/home/vti/dev/mojox-automata/examples/my_app/bin/../templates/root/default.html.*"
[Tue Apr 21 22:10:36 2009][debug][MyApp::Automata::RenderView:23] Rendering root/default template
[Tue Apr 21 22:10:36 2009][debug][MojoX::Renderer:170] Template not found "/home/vti/dev/mojox-automata/examples/my_app/bin/../templates/root/default.html.*"
[Tue Apr 21 22:10:36 2009][debug][MojoX::Dispatcher::Static:172] Serving error "500"
[Tue Apr 21 22:10:39 2009][debug][MyApp::Automata::DetectLang:35] Found language en in Accept-Language
[Tue Apr 21 22:10:39 2009][debug][MyApp::Automata::DetectLang:46] Setting en language
[Tue Apr 21 22:10:39 2009][debug][MyApp::Automata::RenderView:23] Rendering 404.phtml template
[Tue Apr 21 22:10:39 2009][debug][MojoX::Renderer:170] Template not found "/home/vti/dev/mojox-automata/examples/my_app/bin/../templates/404.phtml.*"
[Tue Apr 21 22:10:39 2009][debug][MojoX::Dispatcher::Static:172] Serving error "500"
[Tue Apr 21 22:10:42 2009][info][Mojo::Server::Daemon:41] Server started (http://127.0.0.1:3000)
[Tue Apr 21 22:10:43 2009][debug][MyApp::Automata::DetectLang:35] Found language en in Accept-Language
[Tue Apr 21 22:10:43 2009][debug][MyApp::Automata::DetectLang:46] Setting en language
[Tue Apr 21 22:10:43 2009][debug][MojoX::Dispatcher::Routes:84] Dispatching "default" in "root(MyApp::Root)"
[Tue Apr 21 22:10:43 2009][debug][MojoX::Renderer:170] Template not found "/home/vti/dev/mojox-automata/examples/my_app/bin/../templates/root/default.html.*"
[Tue Apr 21 22:10:43 2009][debug][MyApp::Automata::RenderView:23] Rendering root/default template
[Tue Apr 21 22:10:43 2009][debug][MojoX::Renderer:170] Template not found "/home/vti/dev/mojox-automata/examples/my_app/bin/../templates/root/default.html.*"
[Tue Apr 21 22:10:43 2009][debug][MojoX::Dispatcher::Static:172] Serving error "500"
[Tue Apr 21 22:13:15 2009][info][Mojo::Server::Daemon:41] Server started (http://127.0.0.1:3000)
[Tue Apr 21 22:13:16 2009][debug][MyApp::Automata::DetectLang:35] Found language en in Accept-Language
[Tue Apr 21 22:13:16 2009][debug][MyApp::Automata::DetectLang:46] Setting en language
[Tue Apr 21 22:13:16 2009][debug][MojoX::Dispatcher::Routes:84] Dispatching "default" in "root(MyApp::Root)"
[Tue Apr 21 22:13:16 2009][debug][MojoX::Renderer:170] Template not found "/home/vti/dev/mojox-automata/examples/my_app/bin/../templates/root/default.html.*"
[Tue Apr 21 22:13:16 2009][debug][MyApp::Automata::RenderView:23] Rendering root/default template
[Tue Apr 21 22:13:16 2009][debug][MojoX::Renderer:170] Template not found "/home/vti/dev/mojox-automata/examples/my_app/bin/../templates/root/default.html.*"
[Tue Apr 21 22:13:16 2009][debug][MojoX::Dispatcher::Static:172] Serving error "500"
[Tue Apr 21 22:15:08 2009][info][Mojo::Server::Daemon:41] Server started (http://127.0.0.1:3000)
[Tue Apr 21 22:15:09 2009][debug][MyApp::Automata::DetectLang:35] Found language en in Accept-Language
[Tue Apr 21 22:15:09 2009][debug][MyApp::Automata::DetectLang:46] Setting en language
[Tue Apr 21 22:15:09 2009][debug][MojoX::Dispatcher::Routes:84] Dispatching "default" in "root(MyApp::Root)"
[Tue Apr 21 22:15:09 2009][debug][MojoX::Renderer:170] Template not found "/home/vti/dev/mojox-automata/examples/my_app/bin/../templates/root/default.html.*"
[Tue Apr 21 22:15:09 2009][debug][MojoX::Renderer:170] Template not found "/home/vti/dev/mojox-automata/examples/my_app/bin/../templates/root/default.html.*"
[Tue Apr 21 22:15:09 2009][debug][MojoX::Dispatcher::Static:172] Serving error "500"
[Tue Apr 21 22:15:39 2009][info][Mojo::Server::Daemon:41] Server started (http://127.0.0.1:3000)
[Tue Apr 21 22:15:40 2009][debug][MyApp::Automata::DetectLang:35] Found language en in Accept-Language
[Tue Apr 21 22:15:40 2009][debug][MyApp::Automata::DetectLang:46] Setting en language
[Tue Apr 21 22:15:40 2009][debug][MojoX::Dispatcher::Routes:84] Dispatching "default" in "root(MyApp::Root)"
[Tue Apr 21 22:15:40 2009][debug][MojoX::Renderer:163] Template found "/home/vti/dev/mojox-automata/examples/my_app/bin/../templates/root/default.html.epl"
[Tue Apr 21 22:15:40 2009][debug][MojoX::Renderer:163] Template found "/home/vti/dev/mojox-automata/examples/my_app/bin/../templates/root/default.html.epl"
[Tue Apr 21 22:15:51 2009][debug][MyApp::Automata::DetectLang:35] Found language en in Accept-Language
[Tue Apr 21 22:15:51 2009][debug][MyApp::Automata::DetectLang:46] Setting en language
[Tue Apr 21 22:15:51 2009][debug][MojoX::Dispatcher::Routes:84] Dispatching "default" in "root(MyApp::Root)"
[Tue Apr 21 22:15:51 2009][debug][MojoX::Renderer:163] Template found "/home/vti/dev/mojox-automata/examples/my_app/bin/../templates/root/default.html.epl"
[Tue Apr 21 22:15:51 2009][debug][MojoX::Renderer:163] Template found "/home/vti/dev/mojox-automata/examples/my_app/bin/../templates/root/default.html.epl"
[Tue Apr 21 22:15:51 2009][debug][MyApp::Automata::DetectLang:35] Found language en in Accept-Language
[Tue Apr 21 22:15:51 2009][debug][MyApp::Automata::DetectLang:46] Setting en language
[Tue Apr 21 22:15:51 2009][debug][MojoX::Dispatcher::Routes:84] Dispatching "default" in "root(MyApp::Root)"
[Tue Apr 21 22:15:51 2009][debug][MojoX::Renderer:163] Template found "/home/vti/dev/mojox-automata/examples/my_app/bin/../templates/root/default.html.epl"
[Tue Apr 21 22:15:51 2009][debug][MojoX::Renderer:163] Template found "/home/vti/dev/mojox-automata/examples/my_app/bin/../templates/root/default.html.epl"
[Tue Apr 21 22:15:52 2009][debug][MyApp::Automata::DetectLang:35] Found language en in Accept-Language
[Tue Apr 21 22:15:52 2009][debug][MyApp::Automata::DetectLang:46] Setting en language
[Tue Apr 21 22:15:52 2009][debug][MojoX::Dispatcher::Routes:84] Dispatching "default" in "root(MyApp::Root)"
[Tue Apr 21 22:15:52 2009][debug][MojoX::Renderer:163] Template found "/home/vti/dev/mojox-automata/examples/my_app/bin/../templates/root/default.html.epl"
[Tue Apr 21 22:15:52 2009][debug][MojoX::Renderer:163] Template found "/home/vti/dev/mojox-automata/examples/my_app/bin/../templates/root/default.html.epl"
[Tue Apr 21 22:16:27 2009][info][Mojo::Server::Daemon:41] Server started (http://127.0.0.1:3000)
[Tue Apr 21 22:16:29 2009][debug][MyApp::Automata::DetectLang:35] Found language en in Accept-Language
[Tue Apr 21 22:16:29 2009][debug][MyApp::Automata::DetectLang:46] Setting en language
[Tue Apr 21 22:16:29 2009][debug][MojoX::Dispatcher::Routes:84] Dispatching "default" in "root(MyApp::Root)"
[Tue Apr 21 22:16:29 2009][debug][MojoX::Renderer:163] Template found "/home/vti/dev/mojox-automata/examples/my_app/bin/../templates/root/default.html.epl"
[Tue Apr 21 22:16:29 2009][debug][MojoX::Renderer:163] Template found "/home/vti/dev/mojox-automata/examples/my_app/bin/../templates/root/default.html.epl"
[Tue Apr 21 22:17:12 2009][info][Mojo::Server::Daemon:41] Server started (http://127.0.0.1:3000)
[Tue Apr 21 22:17:13 2009][debug][MyApp::Automata::DetectLang:35] Found language en in Accept-Language
[Tue Apr 21 22:17:13 2009][debug][MyApp::Automata::DetectLang:46] Setting en language
[Tue Apr 21 22:17:13 2009][debug][MojoX::Dispatcher::Routes:84] Dispatching "default" in "root(MyApp::Root)"
[Tue Apr 21 22:17:13 2009][debug][MojoX::Renderer:163] Template found "/home/vti/dev/mojox-automata/examples/my_app/bin/../templates/root/default.html.epl"
[Tue Apr 21 22:17:13 2009][debug][MojoX::Renderer:163] Template found "/home/vti/dev/mojox-automata/examples/my_app/bin/../templates/root/default.html.epl"
[Tue Apr 21 22:17:16 2009][debug][MyApp::Automata::DetectLang:35] Found language en in Accept-Language
[Tue Apr 21 22:17:16 2009][debug][MyApp::Automata::DetectLang:46] Setting en language
[Tue Apr 21 22:17:16 2009][debug][MojoX::Dispatcher::Routes:84] Dispatching "default" in "root(MyApp::Root)"
[Tue Apr 21 22:17:16 2009][debug][MojoX::Renderer:163] Template found "/home/vti/dev/mojox-automata/examples/my_app/bin/../templates/root/default.html.epl"
[Tue Apr 21 22:17:16 2009][debug][MojoX::Renderer:163] Template found "/home/vti/dev/mojox-automata/examples/my_app/bin/../templates/root/default.html.epl"
[Tue Apr 21 22:17:17 2009][debug][MyApp::Automata::DetectLang:35] Found language en in Accept-Language
[Tue Apr 21 22:17:17 2009][debug][MyApp::Automata::DetectLang:46] Setting en language
[Tue Apr 21 22:17:17 2009][debug][MojoX::Dispatcher::Routes:84] Dispatching "default" in "root(MyApp::Root)"
[Tue Apr 21 22:17:17 2009][debug][MojoX::Renderer:163] Template found "/home/vti/dev/mojox-automata/examples/my_app/bin/../templates/root/default.html.epl"
[Tue Apr 21 22:17:17 2009][debug][MojoX::Renderer:163] Template found "/home/vti/dev/mojox-automata/examples/my_app/bin/../templates/root/default.html.epl"
[Tue Apr 21 22:17:20 2009][debug][MojoX::Dispatcher::Static:61] Serving static file "/home/vti/dev/mojox-automata/examples/my_app/bin/../public/index.html"
[Tue Apr 21 22:17:24 2009][debug][MyApp::Automata::DetectLang:35] Found language en in Accept-Language
[Tue Apr 21 22:17:24 2009][debug][MyApp::Automata::DetectLang:46] Setting en language
[Tue Apr 21 22:17:24 2009][debug][MojoX::Dispatcher::Routes:84] Dispatching "default" in "root(MyApp::Root)"
[Tue Apr 21 22:17:24 2009][debug][MojoX::Renderer:163] Template found "/home/vti/dev/mojox-automata/examples/my_app/bin/../templates/root/default.html.epl"
[Tue Apr 21 22:17:24 2009][debug][MojoX::Renderer:163] Template found "/home/vti/dev/mojox-automata/examples/my_app/bin/../templates/root/default.html.epl"
